=== Log Session Started: 2026-04-05 22:52:19.074787 ===
[2026-04-05 22:52:19] INFO: Bootstrap system
  Details: Starting initialization
[2026-04-05 22:52:19] INFO: Pipeline execution
  Details: Scoring 7043 customers
[2026-04-05 22:52:20] INFO: Pipeline success
  Details: Scored 7043 customers
[2026-04-05 22:52:20] INFO: Bootstrap complete
  Details: System ready
=== Log Session Started: 2026-04-05 23:03:22.830955 ===
[2026-04-05 23:03:22] INFO: Bootstrap system
  Details: Starting initialization
[2026-04-05 23:03:23] INFO: Pipeline execution
  Details: Scoring 7043 customers
[2026-04-05 23:03:23] INFO: Pipeline success
  Details: Scored 7043 customers
[2026-04-05 23:03:23] INFO: Bootstrap complete
  Details: System ready
[2026-04-05 23:03:34] INFO: Pipeline success
  Details: Scored 1 customers
[2026-04-05 23:03:38] INFO: Pipeline success
  Details: Scored 25 customers
=== Log Session Started: 2026-04-05 23:05:39.527793 ===
[2026-04-05 23:05:39] INFO: Bootstrap system
  Details: Starting initialization
[2026-04-05 23:05:39] INFO: Pipeline execution
  Details: Scoring 7043 customers
[2026-04-05 23:05:40] INFO: Pipeline success
  Details: Scored 7043 customers
[2026-04-05 23:05:40] INFO: Bootstrap complete
  Details: System ready
[2026-04-05 23:05:57] INFO: Pipeline success
  Details: Scored 30 customers
=== Log Session Started: 2026-04-05 23:11:09.225003 ===
[2026-04-05 23:11:09] INFO: Bootstrap system
  Details: Starting initialization
[2026-04-05 23:11:09] INFO: Pipeline execution
  Details: Scoring 7043 customers
[2026-04-05 23:11:10] INFO: Pipeline success
  Details: Scored 7043 customers
[2026-04-05 23:11:10] INFO: Bootstrap complete
  Details: System ready
[2026-04-05 23:11:18] INFO: Pipeline success
  Details: Scored 1 customers
=== Log Session Started: 2026-04-05 23:27:13.942545 ===
[2026-04-05 23:27:13] INFO: Bootstrap system
  Details: Starting initialization
[2026-04-05 23:27:14] INFO: Pipeline execution
  Details: Scoring 7043 customers
[2026-04-05 23:27:16] INFO: Pipeline success
  Details: Scored 7043 customers
[2026-04-05 23:27:16] INFO: Bootstrap complete
  Details: System ready
[2026-04-05 23:27:21] INFO: Pipeline success
  Details: Scored 1 customers
=== Log Session Started: 2026-04-05 23:28:09.623229 ===
[2026-04-05 23:28:09] INFO: Bootstrap system
  Details: Starting initialization
[2026-04-05 23:28:09] INFO: Pipeline execution
  Details: Scoring 7043 customers
[2026-04-05 23:28:11] INFO: Pipeline success
  Details: Scored 7043 customers
[2026-04-05 23:28:11] INFO: Bootstrap complete
  Details: System ready
=== Log Session Started: 2026-04-05 23:31:04.830127 ===
[2026-04-05 23:31:04] INFO: Bootstrap system
  Details: Starting initialization
[2026-04-05 23:31:05] INFO: Pipeline execution
  Details: Scoring 7043 customers
[2026-04-05 23:31:06] INFO: Pipeline success
  Details: Scored 7043 customers
[2026-04-05 23:31:06] INFO: Bootstrap complete
  Details: System ready
=== Log Session Started: 2026-04-05 23:32:23.269727 ===
[2026-04-05 23:32:23] INFO: Bootstrap system
  Details: Starting initialization
[2026-04-05 23:32:23] INFO: Pipeline execution
  Details: Scoring 7043 customers
[2026-04-05 23:32:25] INFO: Pipeline success
  Details: Scored 7043 customers
[2026-04-05 23:32:25] INFO: Bootstrap complete
  Details: System ready
=== Log Session Started: 2026-04-05 23:35:54.890503 ===
[2026-04-05 23:35:54] INFO: Bootstrap system
  Details: Starting initialization
[2026-04-05 23:35:55] INFO: Pipeline execution
  Details: Scoring 7043 customers
[2026-04-05 23:35:56] INFO: Pipeline success
  Details: Scored 7043 customers
[2026-04-05 23:35:56] INFO: Bootstrap complete
  Details: System ready
=== Log Session Started: 2026-04-05 23:37:41.580919 ===
[2026-04-05 23:37:41] INFO: Bootstrap system
  Details: Starting initialization
[2026-04-05 23:37:41] INFO: Pipeline execution
  Details: Scoring 7043 customers
[2026-04-05 23:37:44] INFO: Pipeline success
  Details: Scored 7043 customers
[2026-04-05 23:37:44] INFO: Bootstrap complete
  Details: System ready
[2026-04-05 23:37:50] INFO: Pipeline success
  Details: Scored 1 customers
=== Log Session Started: 2026-04-05 23:38:36.763691 ===
[2026-04-05 23:38:36] INFO: Bootstrap system
  Details: Starting initialization
[2026-04-05 23:38:37] INFO: Pipeline execution
  Details: Scoring 7043 customers
[2026-04-05 23:38:38] INFO: Pipeline success
  Details: Scored 7043 customers
[2026-04-05 23:38:38] INFO: Bootstrap complete
  Details: System ready
[2026-04-05 23:38:51] INFO: Pipeline success
  Details: Scored 70 customers
[2026-04-05 23:39:11] INFO: Pipeline success
  Details: Scored 70 customers
=== Log Session Started: 2026-04-05 23:42:26.622743 ===
[2026-04-05 23:42:26] INFO: Bootstrap system
  Details: Starting initialization
[2026-04-05 23:42:27] INFO: Pipeline execution
  Details: Scoring 7043 customers
[2026-04-05 23:42:28] INFO: Pipeline success
  Details: Scored 7043 customers
[2026-04-05 23:42:28] INFO: Bootstrap complete
  Details: System ready
[2026-04-05 23:42:42] INFO: Pipeline success
  Details: Scored 25 customers
=== Log Session Started: 2026-04-05 23:44:43.451333 ===
[2026-04-05 23:44:43] INFO: Bootstrap system
  Details: Starting initialization
[2026-04-05 23:44:43] INFO: Pipeline execution
  Details: Scoring 7043 customers
[2026-04-05 23:44:45] INFO: Pipeline success
  Details: Scored 7043 customers
[2026-04-05 23:44:45] INFO: Bootstrap complete
  Details: System ready
[2026-04-05 23:44:50] INFO: Pipeline success
  Details: Scored 1 customers
=== Log Session Started: 2026-04-05 23:46:53.267791 ===
[2026-04-05 23:46:53] INFO: Bootstrap system
  Details: Starting initialization
[2026-04-05 23:46:53] INFO: Pipeline execution
  Details: Scoring 7043 customers
[2026-04-05 23:46:55] INFO: Pipeline success
  Details: Scored 7043 customers
[2026-04-05 23:46:55] INFO: Bootstrap complete
  Details: System ready
[2026-04-05 23:47:05] INFO: Pipeline success
  Details: Scored 25 customers
=== Log Session Started: 2026-04-05 23:49:05.625031 ===
[2026-04-05 23:49:05] INFO: Bootstrap system
  Details: Starting initialization
[2026-04-05 23:49:05] INFO: Pipeline execution
  Details: Scoring 7043 customers
[2026-04-05 23:49:07] INFO: Pipeline success
  Details: Scored 7043 customers
[2026-04-05 23:49:07] INFO: Bootstrap complete
  Details: System ready
[2026-04-05 23:49:16] INFO: Pipeline success
  Details: Scored 45 customers
[2026-04-05 23:49:32] INFO: Pipeline success
  Details: Scored 90 customers
=== Log Session Started: 2026-04-05 23:49:58.824658 ===
[2026-04-05 23:49:58] INFO: Bootstrap system
  Details: Starting initialization
[2026-04-05 23:49:59] INFO: Pipeline execution
  Details: Scoring 7043 customers
[2026-04-05 23:50:00] INFO: Pipeline success
  Details: Scored 7043 customers
[2026-04-05 23:50:00] INFO: Bootstrap complete
  Details: System ready
[2026-04-05 23:50:18] INFO: Pipeline success
  Details: Scored 77 customers
=== Log Session Started: 2026-04-05 23:54:25.438601 ===
[2026-04-05 23:54:25] INFO: Bootstrap system
  Details: Starting initialization
[2026-04-05 23:54:25] INFO: Pipeline execution
  Details: Scoring 7043 customers
[2026-04-05 23:54:27] INFO: Pipeline success
  Details: Scored 7043 customers
[2026-04-05 23:54:27] INFO: Bootstrap complete
  Details: System ready
[2026-04-05 23:54:38] INFO: Pipeline success
  Details: Scored 25 customers
[2026-04-05 23:57:29] INFO: Pipeline success
  Details: Scored 145 customers
[2026-04-05 23:57:40] INFO: Pipeline success
  Details: Scored 145 customers
=== Log Session Started: 2026-04-06 00:03:49.74339 ===
[2026-04-06 00:03:49] INFO: Bootstrap system
  Details: Starting initialization
[2026-04-06 00:03:50] INFO: Pipeline execution
  Details: Scoring 7043 customers
[2026-04-06 00:03:51] INFO: Pipeline success
  Details: Scored 7043 customers
[2026-04-06 00:03:51] INFO: Bootstrap complete
  Details: System ready
[2026-04-06 00:04:44] INFO: Pipeline success
  Details: Scored 25 customers
=== Log Session Started: 2026-04-06 00:09:17.98456 ===
[2026-04-06 00:09:17] INFO: Bootstrap system
  Details: Starting initialization
[2026-04-06 00:09:18] INFO: Pipeline execution
  Details: Scoring 7043 customers
[2026-04-06 00:09:20] INFO: Pipeline success
  Details: Scored 7043 customers
[2026-04-06 00:09:20] INFO: Bootstrap complete
  Details: System ready
[2026-04-06 00:09:24] INFO: Pipeline success
  Details: Scored 25 customers
=== Log Session Started: 2026-04-08 21:48:05.546212 ===
[2026-04-08 21:48:05] INFO: Bootstrap system
  Details: Starting initialization
[2026-04-08 21:48:06] INFO: Pipeline execution
  Details: Scoring 7043 customers
[2026-04-08 21:48:08] INFO: Pipeline success
  Details: Scored 7043 customers
[2026-04-08 21:48:08] INFO: Bootstrap complete
  Details: System ready
[2026-04-08 22:08:13] INFO: Data loading
  Details: Loading CSV: data/raw/WA_Fn-UseC_-Telco-Customer-Churn.csv
[2026-04-08 22:08:31] INFO: Data loading
  Details: Loading CSV: data/raw/WA_Fn-UseC_-Telco-Customer-Churn.csv
